Using pre-set license
Built from '2020.3/staging' branch; Version is '2020.3.4f1 (0abb6314276a) revision 703331'; Using compiler version '192528614'; Build Type 'Release'
OS: 'Windows 10 Home Single Language; OS build 19045.2251; Version 2009; 64bit' Language: 'ru' Physical Memory: 16298 MB
BatchMode: 1, IsHumanControllingUs: 0, StartBugReporterOnCrash: 0, Is64bit: 1, IsPro: 0

 COMMAND LINE ARGUMENTS:
C:\Program Files\Unity\Hub\Editor\2020.3.4f1\Editor\Unity.exe
-adb2
-batchMode
-noUpm
-name
AssetImportWorker0
-projectPath
D:/Repo/CardGame/DZ_CardGame
-logFile
Logs/AssetImportWorker0.log
-srvPort
58634
Successfully changed project path to: D:/Repo/CardGame/DZ_CardGame
D:/Repo/CardGame/DZ_CardGame
Using Asset Import Pipeline V2.
Refreshing native plugins compatible for Editor in 58.39 ms, found 0 plugins.
Preloading 0 native plugins for Editor in 0.00 ms.
Initialize engine version: 2020.3.4f1 (0abb6314276a)
[Subsystems] Discovering subsystems at path C:/Program Files/Unity/Hub/Editor/2020.3.4f1/Editor/Data/Resources/UnitySubsystems
[Subsystems] Discovering subsystems at path D:/Repo/CardGame/DZ_CardGame/Assets
GfxDevice: creating device client; threaded=0
Direct3D:
    Version:  Direct3D 11.0 [level 11.0]
    Renderer: NVIDIA GeForce 840M (ID=0x1341)
    Vendor:   
    VRAM:     2008 MB
    Driver:   31.0.15.2698
Initialize mono
Mono path[0] = 'C:/Program Files/Unity/Hub/Editor/2020.3.4f1/Editor/Data/Managed'
Mono path[1] = 'C:/Program Files/Unity/Hub/Editor/2020.3.4f1/Editor/Data/MonoBleedingEdge/lib/mono/unityjit'
Mono config path = 'C:/Program Files/Unity/Hub/Editor/2020.3.4f1/Editor/Data/MonoBleedingEdge/etc'
Using monoOptions --debugger-agent=transport=dt_socket,embedding=1,server=y,suspend=n,address=127.0.0.1:56228
Begin MonoManager ReloadAssembly
Registering precompiled unity dll's ...
Register platform support module: C:/Program Files/Unity/Hub/Editor/2020.3.4f1/Editor/Data/PlaybackEngines/WindowsStandaloneSupport/UnityEditor.WindowsStandalone.Extensions.dll
Registered in 0.006011 seconds.
Native extension for WindowsStandalone target not found
Refreshing native plugins compatible for Editor in 69.83 ms, found 0 plugins.
Preloading 0 native plugins for Editor in 0.00 ms.
Mono: successfully reloaded assembly
- Completed reload, in  5.790 seconds
Platform modules already initialized, skipping
Registering precompiled user dll's ...
Registered in 0.001162 seconds.
Begin MonoManager ReloadAssembly
Native extension for WindowsStandalone target not found
Refreshing native plugins compatible for Editor in 0.32 ms, found 0 plugins.
Preloading 0 native plugins for Editor in 0.00 ms.
Mono: successfully reloaded assembly
- Completed reload, in  2.145 seconds
Platform modules already initialized, skipping
========================================================================
Worker process is ready to serve import requests
Launched and connected shader compiler UnityShaderCompiler.exe after 0.10 seconds
Refreshing native plugins compatible for Editor in 0.50 ms, found 0 plugins.
Preloading 0 native plugins for Editor in 0.00 ms.
Unloading 1204 Unused Serialized files (Serialized files now loaded: 0)
System memory in use before: 60.9 MB.
System memory in use after: 61.0 MB.

Unloading 11 unused Assets to reduce memory usage. Loaded Objects now: 1645.
Total: 5.776800 ms (FindLiveObjects: 0.383300 ms CreateObjectMapping: 0.894300 ms MarkObjects: 4.325900 ms  DeleteObjects: 0.170800 ms)

========================================================================
Received Import Request.
  path: Assets/Scenes
  artifactKey: Guid(04959e78692b7431fab6a0759edc0c48) Importer(815301076,1909f56bfc062723c751e8b465ee728b)
Start importing Assets/Scenes using Guid(04959e78692b7431fab6a0759edc0c48) Importer(815301076,1909f56bfc062723c751e8b465ee728b)  -> (artifact id: '93cf6889e2f9286759b23e5ce1ee523a') in 0.016841 seconds
  Import took 0.021972 seconds .

========================================================================
Received Import Request.
  Time since last request: 0.134189 seconds.
  path: Assets/Cards/CardPrefab.prefab
  artifactKey: Guid(1efffdaff08b40c44aa84086651f4a25) Importer(815301076,1909f56bfc062723c751e8b465ee728b)
Start importing Assets/Cards/CardPrefab.prefab using Guid(1efffdaff08b40c44aa84086651f4a25) Importer(815301076,1909f56bfc062723c751e8b465ee728b)  -> (artifact id: 'aa7cdd2279b0df27b2e19c76659f3bf6') in 0.948791 seconds
  Import took 0.954096 seconds .

========================================================================
Received Prepare
Registering precompiled user dll's ...
Registered in 0.000798 seconds.
Begin MonoManager ReloadAssembly
Native extension for WindowsStandalone target not found
Refreshing native plugins compatible for Editor in 0.37 ms, found 0 plugins.
Preloading 0 native plugins for Editor in 0.00 ms.
Mono: successfully reloaded assembly
- Completed reload, in  2.949 seconds
Platform modules already initialized, skipping
Refreshing native plugins compatible for Editor in 0.31 ms, found 0 plugins.
Preloading 0 native plugins for Editor in 0.00 ms.
Unloading 1188 Unused Serialized files (Serialized files now loaded: 0)
System memory in use before: 62.9 MB.
System memory in use after: 63.0 MB.

Unloading 6 unused Assets to reduce memory usage. Loaded Objects now: 1657.
Total: 6.521200 ms (FindLiveObjects: 0.605600 ms CreateObjectMapping: 0.172900 ms MarkObjects: 5.205200 ms  DeleteObjects: 0.534200 ms)

========================================================================
Received Import Request.
  Time since last request: 47.423495 seconds.
  path: Assets/Scenes/SampleScene.unity
  artifactKey: Guid(9fc0d4010bbf28b4594072e72b8655ab) Importer(815301076,1909f56bfc062723c751e8b465ee728b)
Start importing Assets/Scenes/SampleScene.unity using Guid(9fc0d4010bbf28b4594072e72b8655ab) Importer(815301076,1909f56bfc062723c751e8b465ee728b)  -> (artifact id: '2546a25cf2f2e1f54d3acc64d5cbf847') in 0.036464 seconds
  Import took 0.040653 seconds .

========================================================================
Received Prepare
Registering precompiled user dll's ...
Registered in 0.002093 seconds.
Begin MonoManager ReloadAssembly
Native extension for WindowsStandalone target not found
Refreshing native plugins compatible for Editor in 0.30 ms, found 0 plugins.
Preloading 0 native plugins for Editor in 0.00 ms.
Mono: successfully reloaded assembly
- Completed reload, in  2.926 seconds
Platform modules already initialized, skipping
Refreshing native plugins compatible for Editor in 0.49 ms, found 0 plugins.
Preloading 0 native plugins for Editor in 0.00 ms.
Unloading 1188 Unused Serialized files (Serialized files now loaded: 0)
System memory in use before: 63.0 MB.
System memory in use after: 63.1 MB.

Unloading 6 unused Assets to reduce memory usage. Loaded Objects now: 1660.
Total: 3.819800 ms (FindLiveObjects: 0.489600 ms CreateObjectMapping: 0.142300 ms MarkObjects: 3.084200 ms  DeleteObjects: 0.099700 ms)

========================================================================
Received Prepare
Registering precompiled user dll's ...
Registered in 0.002866 seconds.
Begin MonoManager ReloadAssembly
Native extension for WindowsStandalone target not found
Refreshing native plugins compatible for Editor in 1.01 ms, found 0 plugins.
Preloading 0 native plugins for Editor in 0.00 ms.
Mono: successfully reloaded assembly
- Completed reload, in  2.048 seconds
Platform modules already initialized, skipping
Refreshing native plugins compatible for Editor in 0.43 ms, found 0 plugins.
Preloading 0 native plugins for Editor in 0.00 ms.
Unloading 1773 Unused Serialized files (Serialized files now loaded: 0)
System memory in use before: 78.8 MB.
System memory in use after: 78.8 MB.

Unloading 14 unused Assets to reduce memory usage. Loaded Objects now: 2240.
Total: 5.093100 ms (FindLiveObjects: 1.216200 ms CreateObjectMapping: 0.276600 ms MarkObjects: 3.342400 ms  DeleteObjects: 0.255200 ms)

========================================================================
Received Prepare
Registering precompiled user dll's ...
Registered in 0.002900 seconds.
Begin MonoManager ReloadAssembly
Native extension for WindowsStandalone target not found
Refreshing native plugins compatible for Editor in 0.74 ms, found 0 plugins.
Preloading 0 native plugins for Editor in 0.00 ms.
Mono: successfully reloaded assembly
- Completed reload, in  4.559 seconds
Platform modules already initialized, skipping
Refreshing native plugins compatible for Editor in 0.74 ms, found 0 plugins.
Preloading 0 native plugins for Editor in 0.00 ms.
Unloading 1773 Unused Serialized files (Serialized files now loaded: 0)
System memory in use before: 78.9 MB.
System memory in use after: 78.8 MB.

Unloading 14 unused Assets to reduce memory usage. Loaded Objects now: 2243.
Total: 9.278200 ms (FindLiveObjects: 0.519800 ms CreateObjectMapping: 0.263200 ms MarkObjects: 8.236000 ms  DeleteObjects: 0.254600 ms)

========================================================================
Received Import Request.
  Time since last request: 701.728776 seconds.
  path: Assets/Plugins/Zenject
  artifactKey: Guid(ca50dfb18f124954492870b91250dcf3) Importer(815301076,1909f56bfc062723c751e8b465ee728b)
Start importing Assets/Plugins/Zenject using Guid(ca50dfb18f124954492870b91250dcf3) Importer(815301076,1909f56bfc062723c751e8b465ee728b)  -> (artifact id: '48b6c178f4847da482ad626bf852192b') in 0.020264 seconds
  Import took 0.027370 seconds .

========================================================================
Received Import Request.
  Time since last request: 0.017324 seconds.
  path: Assets/Plugins/Zenject
  artifactKey: Guid(ca50dfb18f124954492870b91250dcf3) Importer(815301076,1909f56bfc062723c751e8b465ee728b)
Start importing Assets/Plugins/Zenject using Guid(ca50dfb18f124954492870b91250dcf3) Importer(815301076,1909f56bfc062723c751e8b465ee728b)  -> (artifact id: '48b6c178f4847da482ad626bf852192b') in 0.010881 seconds
  Import took 0.026684 seconds .

AssetImportWorkerClient::OnTransportError - code=2 error=End of file
